Arguments: 
  /usr/local/bin/node /usr/local/bin/yarn add @types/koa-swig

PATH: 
  /usr/local/bin:/usr/bin:/bin:/usr/sbin:/sbin:/Library/Apple/usr/bin

Yarn version: 
  1.22.4

Node version: 
  12.18.1

Platform: 
  darwin x64

Trace: 
  Error: https://registry.npm.taobao.org/@types%2fkoa-swig: Not found
      at Request.params.callback [as _callback] (/usr/local/lib/node_modules/yarn/lib/cli.js:66987:18)
      at Request.self.callback (/usr/local/lib/node_modules/yarn/lib/cli.js:140748:22)
      at Request.emit (events.js:315:20)
      at Request.<anonymous> (/usr/local/lib/node_modules/yarn/lib/cli.js:141720:10)
      at Request.emit (events.js:315:20)
      at IncomingMessage.<anonymous> (/usr/local/lib/node_modules/yarn/lib/cli.js:141642:12)
      at Object.onceWrapper (events.js:421:28)
      at IncomingMessage.emit (events.js:327:22)
      at endReadableNT (_stream_readable.js:1221:12)
      at processTicksAndRejections (internal/process/task_queues.js:84:21)

npm manifest: 
  {
    "name": "yd-game-server",
    "version": "1.0.0",
    "description": "",
    "main": "index.js",
    "scripts": {
      "test": "echo \"Error: no test specified\" && exit 1"
    },
    "keywords": [],
    "author": "",
    "license": "ISC",
    "dependencies": {
      "@types/koa": "^2.11.3",
      "awilix": "^4.2.6",
      "awilix-koa": "^4.0.0",
      "koa": "^2.13.0",
      "koa-swig": "^2.2.1"
    },
    "devDependencies": {
      "@types/socket.io": "^2.1.10",
      "socket.io": "^2.3.0"
    }
  }

yarn manifest: 
  No manifest

Lockfile: 
  # THIS IS AN AUTOGENERATED FILE. DO NOT EDIT THIS FILE DIRECTLY.
  # yarn lockfile v1
  
  
  "@koa/router@^8.0.0":
    version "8.0.8"
    resolved "https://registry.npm.taobao.org/@koa/router/download/@koa/router-8.0.8.tgz#95f32d11373d03d89dcb63fabe9ac6f471095236"
    integrity sha1-lfMtETc9A9idy2P6vprG9HEJUjY=
    dependencies:
      debug "^4.1.1"
      http-errors "^1.7.3"
      koa-compose "^4.1.0"
      methods "^1.1.2"
      path-to-regexp "1.x"
      urijs "^1.19.2"
  
  "@types/accepts@*":
    version "1.3.5"
    resolved "https://registry.npm.taobao.org/@types/accepts/download/@types/accepts-1.3.5.tgz#c34bec115cfc746e04fe5a059df4ce7e7b391575"
    integrity sha1-w0vsEVz8dG4E/loFnfTOfns5FXU=
    dependencies:
      "@types/node" "*"
  
  "@types/body-parser@*":
    version "1.19.0"
    resolved "https://registry.npm.taobao.org/@types/body-parser/download/@types/body-parser-1.19.0.tgz#0685b3c47eb3006ffed117cdd55164b61f80538f"
    integrity sha1-BoWzxH6zAG/+0RfN1VFkth+AU48=
    dependencies:
      "@types/connect" "*"
      "@types/node" "*"
  
  "@types/connect@*":
    version "3.4.33"
    resolved "https://registry.npm.taobao.org/@types/connect/download/@types/connect-3.4.33.tgz#31610c901eca573b8713c3330abc6e6b9f588546"
    integrity sha1-MWEMkB7KVzuHE8MzCrxua59YhUY=
    dependencies:
      "@types/node" "*"
  
  "@types/content-disposition@*":
    version "0.5.3"
    resolved "https://registry.npm.taobao.org/@types/content-disposition/download/@types/content-disposition-0.5.3.tgz#0aa116701955c2faa0717fc69cd1596095e49d96"
    integrity sha1-CqEWcBlVwvqgcX/GnNFZYJXknZY=
  
  "@types/cookies@*":
    version "0.7.4"
    resolved "https://registry.npm.taobao.org/@types/cookies/download/@types/cookies-0.7.4.tgz#26dedf791701abc0e36b5b79a5722f40e455f87b"
    integrity sha1-Jt7feRcBq8Dja1t5pXIvQORV+Hs=
    dependencies:
      "@types/connect" "*"
      "@types/express" "*"
      "@types/keygrip" "*"
      "@types/node" "*"
  
  "@types/engine.io@*":
    version "3.1.4"
    resolved "https://registry.npm.taobao.org/@types/engine.io/download/@types/engine.io-3.1.4.tgz#3d9472711d179daa7c95c051e50ad411e18a9bdc"
    integrity sha1-PZRycR0Xnap8lcBR5QrUEeGKm9w=
    dependencies:
      "@types/node" "*"
  
  "@types/express-serve-static-core@*":
    version "4.17.9"
    resolved "https://registry.npm.taobao.org/@types/express-serve-static-core/download/@types/express-serve-static-core-4.17.9.tgz?cache=0&sync_timestamp=1595414358170&other_urls=https%3A%2F%2Fregistry.npm.taobao.org%2F%40types%2Fexpress-serve-static-core%2Fdownload%2F%40types%2Fexpress-serve-static-core-4.17.9.tgz#2d7b34dcfd25ec663c25c85d76608f8b249667f1"
    integrity sha1-LXs03P0l7GY8JchddmCPiySWZ/E=
    dependencies:
      "@types/node" "*"
      "@types/qs" "*"
      "@types/range-parser" "*"
  
  "@types/express@*":
    version "4.17.7"
    resolved "https://registry.npm.taobao.org/@types/express/download/@types/express-4.17.7.tgz?cache=0&sync_timestamp=1594073804221&other_urls=https%3A%2F%2Fregistry.npm.taobao.org%2F%40types%2Fexpress%2Fdownload%2F%40types%2Fexpress-4.17.7.tgz#42045be6475636d9801369cd4418ef65cdb0dd59"
    integrity sha1-QgRb5kdWNtmAE2nNRBjvZc2w3Vk=
    dependencies:
      "@types/body-parser" "*"
      "@types/express-serve-static-core" "*"
      "@types/qs" "*"
      "@types/serve-static" "*"
  
  "@types/http-assert@*":
    version "1.5.1"
    resolved "https://registry.npm.taobao.org/@types/http-assert/download/@types/http-assert-1.5.1.tgz#d775e93630c2469c2f980fc27e3143240335db3b"
    integrity sha1-13XpNjDCRpwvmA/CfjFDJAM12zs=
  
  "@types/keygrip@*":
    version "1.0.2"
    resolved "https://registry.npm.taobao.org/@types/keygrip/download/@types/keygrip-1.0.2.tgz#513abfd256d7ad0bf1ee1873606317b33b1b2a72"
    integrity sha1-UTq/0lbXrQvx7hhzYGMXszsbKnI=
  
  "@types/koa-compose@*":
    version "3.2.5"
    resolved "https://registry.npm.taobao.org/@types/koa-compose/download/@types/koa-compose-3.2.5.tgz#85eb2e80ac50be95f37ccf8c407c09bbe3468e9d"
    integrity sha1-hesugKxQvpXzfM+MQHwJu+NGjp0=
    dependencies:
      "@types/koa" "*"
  
  "@types/koa@*", "@types/koa@^2.11.3":
    version "2.11.3"
    resolved "https://registry.npm.taobao.org/@types/koa/download/@types/koa-2.11.3.tgz#540ece376581b12beadf9a417dd1731bc31c16ce"
    integrity sha1-VA7ON2WBsSvq35pBfdFzG8McFs4=
    dependencies:
      "@types/accepts" "*"
      "@types/content-disposition" "*"
      "@types/cookies" "*"
      "@types/http-assert" "*"
      "@types/keygrip" "*"
      "@types/koa-compose" "*"
      "@types/node" "*"
  
  "@types/mime@*":
    version "2.0.3"
    resolved "https://registry.npm.taobao.org/@types/mime/download/@types/mime-2.0.3.tgz?cache=0&sync_timestamp=1595439915892&other_urls=https%3A%2F%2Fregistry.npm.taobao.org%2F%40types%2Fmime%2Fdownload%2F%40types%2Fmime-2.0.3.tgz#c893b73721db73699943bfc3653b1deb7faa4a3a"
    integrity sha1-yJO3NyHbc2mZQ7/DZTsd63+qSjo=
  
  "@types/node@*":
    version "14.0.27"
    resolved "https://registry.npm.taobao.org/@types/node/download/@types/node-14.0.27.tgz#a151873af5a5e851b51b3b065c9e63390a9e0eb1"
    integrity sha1-oVGHOvWl6FG1GzsGXJ5jOQqeDrE=
  
  "@types/qs@*":
    version "6.9.4"
    resolved "https://registry.npm.taobao.org/@types/qs/download/@types/qs-6.9.4.tgz?cache=0&sync_timestamp=1595669513410&other_urls=https%3A%2F%2Fregistry.npm.taobao.org%2F%40types%2Fqs%2Fdownload%2F%40types%2Fqs-6.9.4.tgz#a59e851c1ba16c0513ea123830dd639a0a15cb6a"
    integrity sha1-pZ6FHBuhbAUT6hI4MN1jmgoVy2o=
  
  "@types/range-parser@*":
    version "1.2.3"
    resolved "https://registry.npm.taobao.org/@types/range-parser/download/@types/range-parser-1.2.3.tgz#7ee330ba7caafb98090bece86a5ee44115904c2c"
    integrity sha1-fuMwunyq+5gJC+zoal7kQRWQTCw=
  
  "@types/serve-static@*":
    version "1.13.5"
    resolved "https://registry.npm.taobao.org/@types/serve-static/download/@types/serve-static-1.13.5.tgz?cache=0&sync_timestamp=1595937764031&other_urls=https%3A%2F%2Fregistry.npm.taobao.org%2F%40types%2Fserve-static%2Fdownload%2F%40types%2Fserve-static-1.13.5.tgz#3d25d941a18415d3ab092def846e135a08bbcf53"
    integrity sha1-PSXZQaGEFdOrCS3vhG4TWgi7z1M=
    dependencies:
      "@types/express-serve-static-core" "*"
      "@types/mime" "*"
  
  "@types/socket.io@^2.1.10":
    version "2.1.10"
    resolved "https://registry.npm.taobao.org/@types/socket.io/download/@types/socket.io-2.1.10.tgz#cb00583313cc40a65d5201e897d7b8c95cfd8c73"
    integrity sha1-ywBYMxPMQKZdUgHol9e4yVz9jHM=
    dependencies:
      "@types/engine.io" "*"
      "@types/node" "*"
  
  accepts@^1.3.5, accepts@~1.3.4:
    version "1.3.7"
    resolved "https://registry.npm.taobao.org/accepts/download/accepts-1.3.7.tgz#531bc726517a3b2b41f850021c6cc15eaab507cd"
    integrity sha1-UxvHJlF6OytB+FACHGzBXqq1B80=
    dependencies:
      mime-types "~2.1.24"
      negotiator "0.6.2"
  
  after@0.8.2:
    version "0.8.2"
    resolved "https://registry.npm.taobao.org/after/download/after-0.8.2.tgz#fedb394f9f0e02aa9768e702bda23b505fae7e1f"
    integrity sha1-/ts5T58OAqqXaOcCvaI7UF+ufh8=
  
  align-text@^0.1.1, align-text@^0.1.3:
    version "0.1.4"
    resolved "https://registry.npm.taobao.org/align-text/download/align-text-0.1.4.tgz#0cd90a561093f35d0a99256c22b7069433fad117"
    integrity sha1-DNkKVhCT810KmSVsIrcGlDP60Rc=
    dependencies:
      kind-of "^3.0.2"
      longest "^1.0.1"
      repeat-string "^1.5.2"
  
  any-promise@^1.0.0, any-promise@^1.1.0:
    version "1.3.0"
    resolved "https://registry.npm.taobao.org/any-promise/download/any-promise-1.3.0.tgz#abc6afeedcea52e809cdc0376aed3ce39635d17f"
    integrity sha1-q8av7tzqUugJzcA3au0845Y10X8=
  
  arraybuffer.slice@~0.0.7:
    version "0.0.7"
    resolved "https://registry.npm.taobao.org/arraybuffer.slice/download/arraybuffer.slice-0.0.7.tgz#3bbc4275dd584cc1b10809b89d4e8b63a69e7675"
    integrity sha1-O7xCdd1YTMGxCAm4nU6LY6aednU=
  
  async-limiter@~1.0.0:
    version "1.0.1"
    resolved "https://registry.npm.taobao.org/async-limiter/download/async-limiter-1.0.1.tgz#dd379e94f0db8310b08291f9d64c3209766617fd"
    integrity sha1-3TeelPDbgxCwgpH51kwyCXZmF/0=
  
  async@~0.2.6:
    version "0.2.10"
    resolved "https://registry.npm.taobao.org/async/download/async-0.2.10.tgz#b6bbe0b0674b9d719708ca38de8c237cb526c3d1"
    integrity sha1-trvgsGdLnXGXCMo43owjfLUmw9E=
  
  awilix-koa@^4.0.0:
    version "4.0.0"
    resolved "https://registry.npm.taobao.org/awilix-koa/download/awilix-koa-4.0.0.tgz#6c1bbdaaa2f35f00a00274c92ec9217bb7dc0869"
    integrity sha1-bBu9qqLzXwCgAnTJLskhe7fcCGk=
    dependencies:
      "@koa/router" "^8.0.0"
      awilix-router-core "^1.6.1"
      koa-compose "^4.1.0"
  
  awilix-router-core@^1.6.1:
    version "1.6.1"
    resolved "https://registry.npm.taobao.org/awilix-router-core/download/awilix-router-core-1.6.1.tgz#6d51e1e832bf1284901be6e5554129fbd715f2cf"
    integrity sha1-bVHh6DK/EoSQG+blVUEp+9cV8s8=
    dependencies:
      glob "^7.1.3"
      tslib "^1.9.3"
  
  awilix@^4.2.6:
    version "4.2.6"
    resolved "https://registry.npm.taobao.org/awilix/download/awilix-4.2.6.tgz#8b4b0baf35491f5235ceebbae42823359087f382"
    integrity sha1-i0sLrzVJH1I1zuu65CgjNZCH84I=
    dependencies:
      camel-case "^4.1.1"
      glob "^7.1.6"
  
  backo2@1.0.2:
    version "1.0.2"
    resolved "https://registry.npm.taobao.org/backo2/download/backo2-1.0.2.tgz#31ab1ac8b129363463e35b3ebb69f4dfcfba7947"
    integrity sha1-MasayLEpNjRj41s+u2n038+6eUc=
  
  balanced-match@^1.0.0:
    version "1.0.0"
    resolved "https://registry.npm.taobao.org/balanced-match/download/balanced-match-1.0.0.tgz#89b4d199ab2bee49de164ea02b89ce462d71b767"
    integrity sha1-ibTRmasr7kneFk6gK4nORi1xt2c=
  
  base64-arraybuffer@0.1.5:
    version "0.1.5"
    resolved "https://registry.npm.taobao.org/base64-arraybuffer/download/base64-arraybuffer-0.1.5.tgz#73926771923b5a19747ad666aa5cd4bf9c6e9ce8"
    integrity sha1-c5JncZI7Whl0etZmqlzUv5xunOg=
  
  base64id@2.0.0:
    version "2.0.0"
    resolved "https://registry.npm.taobao.org/base64id/download/base64id-2.0.0.tgz#2770ac6bc47d312af97a8bf9a634342e0cd25cb6"
    integrity sha1-J3Csa8R9MSr5eov5pjQ0LgzSXLY=
  
  better-assert@~1.0.0:
    version "1.0.2"
    resolved "https://registry.npm.taobao.org/better-assert/download/better-assert-1.0.2.tgz#40866b9e1b9e0b55b481894311e68faffaebc522"
    integrity sha1-QIZrnhueC1W0gYlDEeaPr/rrxSI=
    dependencies:
      callsite "1.0.0"
  
  blob@0.0.5:
    version "0.0.5"
    resolved "https://registry.npm.taobao.org/blob/download/blob-0.0.5.tgz#d680eeef25f8cd91ad533f5b01eed48e64caf683"
    integrity sha1-1oDu7yX4zZGtUz9bAe7UjmTK9oM=
  
  brace-expansion@^1.1.7:
    version "1.1.11"
    resolved "https://registry.npm.taobao.org/brace-expansion/download/brace-expansion-1.1.11.tgz#3c7fcbf529d87226f3d2f52b966ff5271eb441dd"
    integrity sha1-PH/L9SnYcibz0vUrlm/1Jx60Qd0=
    dependencies:
      balanced-match "^1.0.0"
      concat-map "0.0.1"
  
  cache-content-type@^1.0.0:
    version "1.0.1"
    resolved "https://registry.npm.taobao.org/cache-content-type/download/cache-content-type-1.0.1.tgz#035cde2b08ee2129f4a8315ea8f00a00dba1453c"
    integrity sha1-A1zeKwjuISn0qDFeqPAKANuhRTw=
    dependencies:
      mime-types "^2.1.18"
      ylru "^1.2.0"
  
  callsite@1.0.0:
    version "1.0.0"
    resolved "https://registry.npm.taobao.org/callsite/download/callsite-1.0.0.tgz#280398e5d664bd74038b6f0905153e6e8af1bc20"
    integrity sha1-KAOY5dZkvXQDi28JBRU+borxvCA=
  
  camel-case@^4.1.1:
    version "4.1.1"
    resolved "https://registry.npm.taobao.org/camel-case/download/camel-case-4.1.1.tgz#1fc41c854f00e2f7d0139dfeba1542d6896fe547"
    integrity sha1-H8QchU8A4vfQE53+uhVC1olv5Uc=
    dependencies:
      pascal-case "^3.1.1"
      tslib "^1.10.0"
  
  camelcase@^1.0.2:
    version "1.2.1"
    resolved "https://registry.npm.taobao.org/camelcase/download/camelcase-1.2.1.tgz#9bb5304d2e0b56698b2c758b08a3eaa9daa58a39"
    integrity sha1-m7UwTS4LVmmLLHWLCKPqqdqlijk=
  
  center-align@^0.1.1:
    version "0.1.3"
    resolved "https://registry.npm.taobao.org/center-align/download/center-align-0.1.3.tgz#aa0d32629b6ee972200411cbd4461c907bc2b7ad"
    integrity sha1-qg0yYptu6XIgBBHL1EYckHvCt60=
    dependencies:
      align-text "^0.1.3"
      lazy-cache "^1.0.3"
  
  cliui@^2.1.0:
    version "2.1.0"
    resolved "https://registry.npm.taobao.org/cliui/download/cliui-2.1.0.tgz#4b475760ff80264c762c3a1719032e91c7fea0d1"
    integrity sha1-S0dXYP+AJkx2LDoXGQMukcf+oNE=
    dependencies:
      center-align "^0.1.1"
      right-align "^0.1.1"
      wordwrap "0.0.2"
  
  co@^4.6.0:
    version "4.6.0"
    resolved "https://registry.npm.taobao.org/co/download/co-4.6.0.tgz#6ea6bdf3d853ae54ccb8e47bfa0bf3f9031fb184"
    integrity sha1-bqa989hTrlTMuOR7+gvz+QMfsYQ=
  
  component-bind@1.0.0:
    version "1.0.0"
    resolved "https://registry.npm.taobao.org/component-bind/download/component-bind-1.0.0.tgz#00c608ab7dcd93897c0009651b1d3a8e1e73bbd1"
    integrity sha1-AMYIq33Nk4l8AAllGx06jh5zu9E=
  
  component-emitter@1.2.1:
    version "1.2.1"
    resolved "https://registry.npm.taobao.org/component-emitter/download/component-emitter-1.2.1.tgz#137918d6d78283f7df7a6b7c5a63e140e69425e6"
    integrity sha1-E3kY1teCg/ffemt8WmPhQOaUJeY=
  
  component-emitter@~1.3.0:
    version "1.3.0"
    resolved "https://registry.npm.taobao.org/component-emitter/download/component-emitter-1.3.0.tgz#16e4070fba8ae29b679f2215853ee181ab2eabc0"
    integrity sha1-FuQHD7qK4ptnnyIVhT7hgasuq8A=
  
  component-inherit@0.0.3:
    version "0.0.3"
    resolved "https://registry.npm.taobao.org/component-inherit/download/component-inherit-0.0.3.tgz#645fc4adf58b72b649d5cae65135619db26ff143"
    integrity sha1-ZF/ErfWLcrZJ1crmUTVhnbJv8UM=
  
  concat-map@0.0.1:
    version "0.0.1"
    resolved "https://registry.npm.taobao.org/concat-map/download/concat-map-0.0.1.tgz#d8a96bd77fd68df7793a73036a3ba0d5405d477b"
    integrity sha1-2Klr13/Wjfd5OnMDajug1UBdR3s=
  
  content-disposition@~0.5.2:
    version "0.5.3"
    resolved "https://registry.npm.taobao.org/content-disposition/download/content-disposition-0.5.3.tgz#e130caf7e7279087c5616c2007d0485698984fbd"
    integrity sha1-4TDK9+cnkIfFYWwgB9BIVpiYT70=
    dependencies:
      safe-buffer "5.1.2"
  
  content-type@^1.0.4:
    version "1.0.4"
    resolved "https://registry.npm.taobao.org/content-type/download/content-type-1.0.4.tgz#e138cc75e040c727b1966fe5e5f8c9aee256fe3b"
    integrity sha1-4TjMdeBAxyexlm/l5fjJruJW/js=
  
  cookie@0.3.1:
    version "0.3.1"
    resolved "https://registry.npm.taobao.org/cookie/download/cookie-0.3.1.tgz#e7e0a1f9ef43b4c8ba925c5c5a96e806d16873bb"
    integrity sha1-5+Ch+e9DtMi6klxcWpboBtFoc7s=
  
  cookies@~0.8.0:
    version "0.8.0"
    resolved "https://registry.npm.taobao.org/cookies/download/cookies-0.8.0.tgz#1293ce4b391740a8406e3c9870e828c4b54f3f90"
    integrity sha1-EpPOSzkXQKhAbjyYcOgoxLVPP5A=
    dependencies:
      depd "~2.0.0"
      keygrip "~1.1.0"
  
  debug@^2.x:
    version "2.6.9"
    resolved "https://registry.npm.taobao.org/debug/download/debug-2.6.9.tgz#5d128515df134ff327e90a4c93f4e077a536341f"
    integrity sha1-XRKFFd8TT/Mn6QpMk/Tgd6U2NB8=
    dependencies:
      ms "2.0.0"
  
  debug@^4.1.1, debug@~4.1.0:
    version "4.1.1"
    resolved "https://registry.npm.taobao.org/debug/download/debug-4.1.1.tgz#3b72260255109c6b589cee050f1d516139664791"
    integrity sha1-O3ImAlUQnGtYnO4FDx1RYTlmR5E=
    dependencies:
      ms "^2.1.1"
  
  debug@~3.1.0:
    version "3.1.0"
    resolved "https://registry.npm.taobao.org/debug/download/debug-3.1.0.tgz#5bb5a0672628b64149566ba16819e61518c67261"
    integrity sha1-W7WgZyYotkFJVmuhaBnmFRjGcmE=
    dependencies:
      ms "2.0.0"
  
  decamelize@^1.0.0:
    version "1.2.0"
    resolved "https://registry.npm.taobao.org/decamelize/download/decamelize-1.2.0.tgz#f6534d15148269b20352e7bee26f501f9a191290"
    integrity sha1-9lNNFRSCabIDUue+4m9QH5oZEpA=
  
  deep-equal@~1.0.1:
    version "1.0.1"
    resolved "https://registry.npm.taobao.org/deep-equal/download/deep-equal-1.0.1.tgz?cache=0&sync_timestamp=1590392787863&other_urls=https%3A%2F%2Fregistry.npm.taobao.org%2Fdeep-equal%2Fdownload%2Fdeep-equal-1.0.1.tgz#f5d260292b660e084eff4cdbc9f08ad3247448b5"
    integrity sha1-9dJgKStmDghO/0zbyfCK0yR0SLU=
  
  delegates@^1.0.0:
    version "1.0.0"
    resolved "https://registry.npm.taobao.org/delegates/download/delegates-1.0.0.tgz#84c6e159b81904fdca59a0ef44cd870d31250f9a"
    integrity sha1-hMbhWbgZBP3KWaDvRM2HDTElD5o=
  
  depd@^1.1.2, depd@~1.1.2:
    version "1.1.2"
    resolved "https://registry.npm.taobao.org/depd/download/depd-1.1.2.tgz#9bcd52e14c097763e749b274c4346ed2e560b5a9"
    integrity sha1-m81S4UwJd2PnSbJ0xDRu0uVgtak=
  
  depd@~2.0.0:
    version "2.0.0"
    resolved "https://registry.npm.taobao.org/depd/download/depd-2.0.0.tgz#b696163cc757560d09cf22cc8fad1571b79e76df"
    integrity sha1-tpYWPMdXVg0JzyLMj60Vcbeedt8=
  
  destroy@^1.0.4:
    version "1.0.4"
    resolved "https://registry.npm.taobao.org/destroy/download/destroy-1.0.4.tgz#978857442c44749e4206613e37946205826abd80"
    integrity sha1-l4hXRCxEdJ5CBmE+N5RiBYJqvYA=
  
  ee-first@1.1.1:
    version "1.1.1"
    resolved "https://registry.npm.taobao.org/ee-first/download/ee-first-1.1.1.tgz#590c61156b0ae2f4f0255732a158b266bc56b21d"
    integrity sha1-WQxhFWsK4vTwJVcyoViyZrxWsh0=
  
  encodeurl@^1.0.2:
    version "1.0.2"
    resolved "https://registry.npm.taobao.org/encodeurl/download/encodeurl-1.0.2.tgz#ad3ff4c86ec2d029322f5a02c3a9a606c95b3f59"
    integrity sha1-rT/0yG7C0CkyL1oCw6mmBslbP1k=
  
  engine.io-client@~3.4.0:
    version "3.4.3"
    resolved "https://registry.npm.taobao.org/engine.io-client/download/engine.io-client-3.4.3.tgz#192d09865403e3097e3575ebfeb3861c4d01a66c"
    integrity sha1-GS0JhlQD4wl+NXXr/rOGHE0Bpmw=
    dependencies:
      component-emitter "~1.3.0"
      component-inherit "0.0.3"
      debug "~4.1.0"
      engine.io-parser "~2.2.0"
      has-cors "1.1.0"
      indexof "0.0.1"
      parseqs "0.0.5"
      parseuri "0.0.5"
      ws "~6.1.0"
      xmlhttprequest-ssl "~1.5.4"
      yeast "0.1.2"
  
  engine.io-parser@~2.2.0:
    version "2.2.0"
    resolved "https://registry.npm.taobao.org/engine.io-parser/download/engine.io-parser-2.2.0.tgz#312c4894f57d52a02b420868da7b5c1c84af80ed"
    integrity sha1-MSxIlPV9UqArQgho2ntcHISvgO0=
    dependencies:
      after "0.8.2"
      arraybuffer.slice "~0.0.7"
      base64-arraybuffer "0.1.5"
      blob "0.0.5"
      has-binary2 "~1.0.2"
  
  engine.io@~3.4.0:
    version "3.4.2"
    resolved "https://registry.npm.taobao.org/engine.io/download/engine.io-3.4.2.tgz#8fc84ee00388e3e228645e0a7d3dfaeed5bd122c"
    integrity sha1-j8hO4AOI4+IoZF4KfT367tW9Eiw=
    dependencies:
      accepts "~1.3.4"
      base64id "2.0.0"
      cookie "0.3.1"
      debug "~4.1.0"
      engine.io-parser "~2.2.0"
      ws "^7.1.2"
  
  escape-html@^1.0.3:
    version "1.0.3"
    resolved "https://registry.npm.taobao.org/escape-html/download/escape-html-1.0.3.tgz#0258eae4d3d0c0974de1c169188ef0051d1d1988"
    integrity sha1-Aljq5NPQwJdN4cFpGI7wBR0dGYg=
  
  fresh@~0.5.2:
    version "0.5.2"
    resolved "https://registry.npm.taobao.org/fresh/download/fresh-0.5.2.tgz#3d8cadd90d976569fa835ab1f8e4b23a105605a7"
    integrity sha1-PYyt2Q2XZWn6g1qx+OSyOhBWBac=
  
  fs.realpath@^1.0.0:
    version "1.0.0"
    resolved "https://registry.npm.taobao.org/fs.realpath/download/fs.realpath-1.0.0.tgz#1504ad2523158caa40db4a2787cb01411994ea4f"
    integrity sha1-FQStJSMVjKpA20onh8sBQRmU6k8=
  
  glob@^7.1.3, glob@^7.1.6:
    version "7.1.6"
    resolved "https://registry.npm.taobao.org/glob/download/glob-7.1.6.tgz?cache=0&sync_timestamp=1573203677246&other_urls=https%3A%2F%2Fregistry.npm.taobao.org%2Fglob%2Fdownload%2Fglob-7.1.6.tgz#141f33b81a7c2492e125594307480c46679278a6"
    integrity sha1-FB8zuBp8JJLhJVlDB0gMRmeSeKY=
    dependencies:
      fs.realpath "^1.0.0"
      inflight "^1.0.4"
      inherits "2"
      minimatch "^3.0.4"
      once "^1.3.0"
      path-is-absolute "^1.0.0"
  
  has-binary2@~1.0.2:
    version "1.0.3"
    resolved "https://registry.npm.taobao.org/has-binary2/download/has-binary2-1.0.3.tgz#7776ac627f3ea77250cfc332dab7ddf5e4f5d11d"
    integrity sha1-d3asYn8+p3JQz8My2rfd9eT10R0=
    dependencies:
      isarray "2.0.1"
  
  has-cors@1.1.0:
    version "1.1.0"
    resolved "https://registry.npm.taobao.org/has-cors/download/has-cors-1.1.0.tgz#5e474793f7ea9843d1bb99c23eef49ff126fff39"
    integrity sha1-XkdHk/fqmEPRu5nCPu9J/xJv/zk=
  
  http-assert@^1.3.0:
    version "1.4.1"
    resolved "https://registry.npm.taobao.org/http-assert/download/http-assert-1.4.1.tgz#c5f725d677aa7e873ef736199b89686cceb37878"
    integrity sha1-xfcl1neqfoc+9zYZm4lobM6zeHg=
    dependencies:
      deep-equal "~1.0.1"
      http-errors "~1.7.2"
  
  http-errors@^1.6.3, http-errors@^1.7.3:
    version "1.8.0"
    resolved "https://registry.npm.taobao.org/http-errors/download/http-errors-1.8.0.tgz?cache=0&sync_timestamp=1593407738381&other_urls=https%3A%2F%2Fregistry.npm.taobao.org%2Fhttp-errors%2Fdownload%2Fhttp-errors-1.8.0.tgz#75d1bbe497e1044f51e4ee9e704a62f28d336507"
    integrity sha1-ddG75JfhBE9R5O6ecEpi8o0zZQc=
    dependencies:
      depd "~1.1.2"
      inherits "2.0.4"
      setprototypeof "1.2.0"
      statuses ">= 1.5.0 < 2"
      toidentifier "1.0.0"
  
  http-errors@~1.7.2:
    version "1.7.3"
    resolved "https://registry.npm.taobao.org/http-errors/download/http-errors-1.7.3.tgz?cache=0&sync_timestamp=1593407738381&other_urls=https%3A%2F%2Fregistry.npm.taobao.org%2Fhttp-errors%2Fdownload%2Fhttp-errors-1.7.3.tgz#6c619e4f9c60308c38519498c14fbb10aacebb06"
    integrity sha1-bGGeT5xgMIw4UZSYwU+7EKrOuwY=
    dependencies:
      depd "~1.1.2"
      inherits "2.0.4"
      setprototypeof "1.1.1"
      statuses ">= 1.5.0 < 2"
      toidentifier "1.0.0"
  
  indexof@0.0.1:
    version "0.0.1"
    resolved "https://registry.npm.taobao.org/indexof/download/indexof-0.0.1.tgz#82dc336d232b9062179d05ab3293a66059fd435d"
    integrity sha1-gtwzbSMrkGIXnQWrMpOmYFn9Q10=
  
  inflight@^1.0.4:
    version "1.0.6"
    resolved "https://registry.npm.taobao.org/inflight/download/inflight-1.0.6.tgz#49bd6331d7d02d0c09bc910a1075ba8165b56df9"
    integrity sha1-Sb1jMdfQLQwJvJEKEHW6gWW1bfk=
    dependencies:
      once "^1.3.0"
      wrappy "1"
  
  inherits@2, inherits@2.0.4:
    version "2.0.4"
    resolved "https://registry.npm.taobao.org/inherits/download/inherits-2.0.4.tgz#0fa2c64f932917c3433a0ded55363aae37416b7c"
    integrity sha1-D6LGT5MpF8NDOg3tVTY6rjdBa3w=
  
  is-buffer@^1.1.5:
    version "1.1.6"
    resolved "https://registry.npm.taobao.org/is-buffer/download/is-buffer-1.1.6.tgz#efaa2ea9daa0d7ab2ea13a97b2b8ad51fefbe8be"
    integrity sha1-76ouqdqg16suoTqXsritUf776L4=
  
  is-generator-function@^1.0.7:
    version "1.0.7"
    resolved "https://registry.npm.taobao.org/is-generator-function/download/is-generator-function-1.0.7.tgz#d2132e529bb0000a7f80794d4bdf5cd5e5813522"
    integrity sha1-0hMuUpuwAAp/gHlNS99c1eWBNSI=
  
  isarray@0.0.1:
    version "0.0.1"
    resolved "https://registry.npm.taobao.org/isarray/download/isarray-0.0.1.tgz#8a18acfca9a8f4177e09abfc6038939b05d1eedf"
    integrity sha1-ihis/Kmo9Bd+Cav8YDiTmwXR7t8=
  
  isarray@2.0.1:
    version "2.0.1"
    resolved "https://registry.npm.taobao.org/isarray/download/isarray-2.0.1.tgz#a37d94ed9cda2d59865c9f76fe596ee1f338741e"
    integrity sha1-o32U7ZzaLVmGXJ92/llu4fM4dB4=
  
  keygrip@~1.1.0:
    version "1.1.0"
    resolved "https://registry.npm.taobao.org/keygrip/download/keygrip-1.1.0.tgz#871b1681d5e159c62a445b0c74b615e0917e7226"
    integrity sha1-hxsWgdXhWcYqRFsMdLYV4JF+ciY=
    dependencies:
      tsscmp "1.0.6"
  
  kind-of@^3.0.2:
    version "3.2.2"
    resolved "https://registry.npm.taobao.org/kind-of/download/kind-of-3.2.2.tgz#31ea21a734bab9bbb0f32466d893aea51e4a3c64"
    integrity sha1-MeohpzS6ubuw8yRm2JOupR5KPGQ=
    dependencies:
      is-buffer "^1.1.5"
  
  koa-compose@^3.0.0:
    version "3.2.1"
    resolved "https://registry.npm.taobao.org/koa-compose/download/koa-compose-3.2.1.tgz#a85ccb40b7d986d8e5a345b3a1ace8eabcf54de7"
    integrity sha1-qFzLQLfZhtjlo0Wzoazo6rz1Tec=
    dependencies:
      any-promise "^1.1.0"
  
  koa-compose@^4.1.0:
    version "4.1.0"
    resolved "https://registry.npm.taobao.org/koa-compose/download/koa-compose-4.1.0.tgz#507306b9371901db41121c812e923d0d67d3e877"
    integrity sha1-UHMGuTcZAdtBEhyBLpI9DWfT6Hc=
  
  koa-convert@^1.2.0:
    version "1.2.0"
    resolved "https://registry.npm.taobao.org/koa-convert/download/koa-convert-1.2.0.tgz#da40875df49de0539098d1700b50820cebcd21d0"
    integrity sha1-2kCHXfSd4FOQmNFwC1CCDOvNIdA=
    dependencies:
      co "^4.6.0"
      koa-compose "^3.0.0"
  
  koa-swig@^2.2.1:
    version "2.2.1"
    resolved "https://registry.npm.taobao.org/koa-swig/download/koa-swig-2.2.1.tgz#0cc30c581faa7a8f0c1e5b5242fb3bd04a895969"
    integrity sha1-DMMMWB+qeo8MHltSQvs70EqJWWk=
    dependencies:
      debug "^2.x"
      swig-templates "^2.0.2"
      thenify "^3.1.0"
      utils-merge "^1.0.0"
  
  koa@^2.13.0:
    version "2.13.0"
    resolved "https://registry.npm.taobao.org/koa/download/koa-2.13.0.tgz#25217e05efd3358a7e5ddec00f0a380c9b71b501"
    integrity sha1-JSF+Be/TNYp+Xd7ADwo4DJtxtQE=
    dependencies:
      accepts "^1.3.5"
      cache-content-type "^1.0.0"
      content-disposition "~0.5.2"
      content-type "^1.0.4"
      cookies "~0.8.0"
      debug "~3.1.0"
      delegates "^1.0.0"
      depd "^1.1.2"
      destroy "^1.0.4"
      encodeurl "^1.0.2"
      escape-html "^1.0.3"
      fresh "~0.5.2"
      http-assert "^1.3.0"
      http-errors "^1.6.3"
      is-generator-function "^1.0.7"
      koa-compose "^4.1.0"
      koa-convert "^1.2.0"
      on-finished "^2.3.0"
      only "~0.0.2"
      parseurl "^1.3.2"
      statuses "^1.5.0"
      type-is "^1.6.16"
      vary "^1.1.2"
  
  lazy-cache@^1.0.3:
    version "1.0.4"
    resolved "https://registry.npm.taobao.org/lazy-cache/download/lazy-cache-1.0.4.tgz#a1d78fc3a50474cb80845d3b3b6e1da49a446e8e"
    integrity sha1-odePw6UEdMuAhF07O24dpJpEbo4=
  
  longest@^1.0.1:
    version "1.0.1"
    resolved "https://registry.npm.taobao.org/longest/download/longest-1.0.1.tgz#30a0b2da38f73770e8294a0d22e6625ed77d0097"
    integrity sha1-MKCy2jj3N3DoKUoNIuZiXtd9AJc=
  
  lower-case@^2.0.1:
    version "2.0.1"
    resolved "https://registry.npm.taobao.org/lower-case/download/lower-case-2.0.1.tgz#39eeb36e396115cc05e29422eaea9e692c9408c7"
    integrity sha1-Oe6zbjlhFcwF4pQi6uqeaSyUCMc=
    dependencies:
      tslib "^1.10.0"
  
  media-typer@0.3.0:
    version "0.3.0"
    resolved "https://registry.npm.taobao.org/media-typer/download/media-typer-0.3.0.tgz#8710d7af0aa626f8fffa1ce00168545263255748"
    integrity sha1-hxDXrwqmJvj/+hzgAWhUUmMlV0g=
  
  methods@^1.1.2:
    version "1.1.2"
    resolved "https://registry.npm.taobao.org/methods/download/methods-1.1.2.tgz#5529a4d67654134edcc5266656835b0f851afcee"
    integrity sha1-VSmk1nZUE07cxSZmVoNbD4Ua/O4=
  
  mime-db@1.44.0:
    version "1.44.0"
    resolved "https://registry.npm.taobao.org/mime-db/download/mime-db-1.44.0.tgz#fa11c5eb0aca1334b4233cb4d52f10c5a6272f92"
    integrity sha1-+hHF6wrKEzS0Izy01S8QxaYnL5I=
  
  mime-types@^2.1.18, mime-types@~2.1.24:
    version "2.1.27"
    resolved "https://registry.npm.taobao.org/mime-types/download/mime-types-2.1.27.tgz#47949f98e279ea53119f5722e0f34e529bec009f"
    integrity sha1-R5SfmOJ56lMRn1ci4PNOUpvsAJ8=
    dependencies:
      mime-db "1.44.0"
  
  minimatch@^3.0.4:
    version "3.0.4"
    resolved "https://registry.npm.taobao.org/minimatch/download/minimatch-3.0.4.tgz#5166e286457f03306064be5497e8dbb0c3d32083"
    integrity sha1-UWbihkV/AzBgZL5Ul+jbsMPTIIM=
    dependencies:
      brace-expansion "^1.1.7"
  
  minimist@~0.0.1:
    version "0.0.10"
    resolved "https://registry.npm.taobao.org/minimist/download/minimist-0.0.10.tgz#de3f98543dbf96082be48ad1a0c7cda836301dcf"
    integrity sha1-3j+YVD2/lggr5IrRoMfNqDYwHc8=
  
  ms@2.0.0:
    version "2.0.0"
    resolved "https://registry.npm.taobao.org/ms/download/ms-2.0.0.tgz#5608aeadfc00be6c2901df5f9861788de0d597c8"
    integrity sha1-VgiurfwAvmwpAd9fmGF4jeDVl8g=
  
  ms@^2.1.1:
    version "2.1.2"
    resolved "https://registry.npm.taobao.org/ms/download/ms-2.1.2.tgz#d09d1f357b443f493382a8eb3ccd183872ae6009"
    integrity sha1-0J0fNXtEP0kzgqjrPM0YOHKuYAk=
  
  negotiator@0.6.2:
    version "0.6.2"
    resolved "https://registry.npm.taobao.org/negotiator/download/negotiator-0.6.2.tgz#feacf7ccf525a77ae9634436a64883ffeca346fb"
    integrity sha1-/qz3zPUlp3rpY0Q2pkiD/+yjRvs=
  
  no-case@^3.0.3:
    version "3.0.3"
    resolved "https://registry.npm.taobao.org/no-case/download/no-case-3.0.3.tgz#c21b434c1ffe48b39087e86cfb4d2582e9df18f8"
    integrity sha1-whtDTB/+SLOQh+hs+00lgunfGPg=
    dependencies:
      lower-case "^2.0.1"
      tslib "^1.10.0"
  
  object-component@0.0.3:
    version "0.0.3"
    resolved "https://registry.npm.taobao.org/object-component/download/object-component-0.0.3.tgz#f0c69aa50efc95b866c186f400a33769cb2f1291"
    integrity sha1-8MaapQ78lbhmwYb0AKM3acsvEpE=
  
  on-finished@^2.3.0:
    version "2.3.0"
    resolved "https://registry.npm.taobao.org/on-finished/download/on-finished-2.3.0.tgz#20f1336481b083cd75337992a16971aa2d906947"
    integrity sha1-IPEzZIGwg811M3mSoWlxqi2QaUc=
    dependencies:
      ee-first "1.1.1"
  
  once@^1.3.0:
    version "1.4.0"
    resolved "https://registry.npm.taobao.org/once/download/once-1.4.0.tgz#583b1aa775961d4b113ac17d9c50baef9dd76bd1"
    integrity sha1-WDsap3WWHUsROsF9nFC6753Xa9E=
    dependencies:
      wrappy "1"
  
  only@~0.0.2:
    version "0.0.2"
    resolved "https://registry.npm.taobao.org/only/download/only-0.0.2.tgz#2afde84d03e50b9a8edc444e30610a70295edfb4"
    integrity sha1-Kv3oTQPlC5qO3EROMGEKcCle37Q=
  
  optimist@~0.6:
    version "0.6.1"
    resolved "https://registry.npm.taobao.org/optimist/download/optimist-0.6.1.tgz#da3ea74686fa21a19a111c326e90eb15a0196686"
    integrity sha1-2j6nRob6IaGaERwybpDrFaAZZoY=
    dependencies:
      minimist "~0.0.1"
      wordwrap "~0.0.2"
  
  parseqs@0.0.5:
    version "0.0.5"
    resolved "https://registry.npm.taobao.org/parseqs/download/parseqs-0.0.5.tgz#d5208a3738e46766e291ba2ea173684921a8b89d"
    integrity sha1-1SCKNzjkZ2bikbouoXNoSSGouJ0=
    dependencies:
      better-assert "~1.0.0"
  
  parseuri@0.0.5:
    version "0.0.5"
    resolved "https://registry.npm.taobao.org/parseuri/download/parseuri-0.0.5.tgz#80204a50d4dbb779bfdc6ebe2778d90e4bce320a"
    integrity sha1-gCBKUNTbt3m/3G6+J3jZDkvOMgo=
    dependencies:
      better-assert "~1.0.0"
  
  parseurl@^1.3.2:
    version "1.3.3"
    resolved "https://registry.npm.taobao.org/parseurl/download/parseurl-1.3.3.tgz#9da19e7bee8d12dff0513ed5b76957793bc2e8d4"
    integrity sha1-naGee+6NEt/wUT7Vt2lXeTvC6NQ=
  
  pascal-case@^3.1.1:
    version "3.1.1"
    resolved "https://registry.npm.taobao.org/pascal-case/download/pascal-case-3.1.1.tgz#5ac1975133ed619281e88920973d2cd1f279de5f"
    integrity sha1-WsGXUTPtYZKB6Ikglz0s0fJ53l8=
    dependencies:
      no-case "^3.0.3"
      tslib "^1.10.0"
  
  path-is-absolute@^1.0.0:
    version "1.0.1"
    resolved "https://registry.npm.taobao.org/path-is-absolute/download/path-is-absolute-1.0.1.tgz#174b9268735534ffbc7ace6bf53a5a9e1b5c5f5f"
    integrity sha1-F0uSaHNVNP+8es5r9TpanhtcX18=
  
  path-to-regexp@1.x:
    version "1.8.0"
    resolved "https://registry.npm.taobao.org/path-to-regexp/download/path-to-regexp-1.8.0.tgz#887b3ba9d84393e87a0a0b9f4cb756198b53548a"
    integrity sha1-iHs7qdhDk+h6CgufTLdWGYtTVIo=
    dependencies:
      isarray "0.0.1"
  
  repeat-string@^1.5.2:
    version "1.6.1"
    resolved "https://registry.npm.taobao.org/repeat-string/download/repeat-string-1.6.1.tgz#8dcae470e1c88abc2d600fff4a776286da75e637"
    integrity sha1-jcrkcOHIirwtYA//Sndihtp15jc=
  
  right-align@^0.1.1:
    version "0.1.3"
    resolved "https://registry.npm.taobao.org/right-align/download/right-align-0.1.3.tgz#61339b722fe6a3515689210d24e14c96148613ef"
    integrity sha1-YTObci/mo1FWiSENJOFMlhSGE+8=
    dependencies:
      align-text "^0.1.1"
  
  safe-buffer@5.1.2:
    version "5.1.2"
    resolved "https://registry.npm.taobao.org/safe-buffer/download/safe-buffer-5.1.2.tgz#991ec69d296e0313747d59bdfd2b745c35f8828d"
    integrity sha1-mR7GnSluAxN0fVm9/St0XDX4go0=
  
  setprototypeof@1.1.1:
    version "1.1.1"
    resolved "https://registry.npm.taobao.org/setprototypeof/download/setprototypeof-1.1.1.tgz#7e95acb24aa92f5885e0abef5ba131330d4ae683"
    integrity sha1-fpWsskqpL1iF4KvvW6ExMw1K5oM=
  
  setprototypeof@1.2.0:
    version "1.2.0"
    resolved "https://registry.npm.taobao.org/setprototypeof/download/setprototypeof-1.2.0.tgz#66c9a24a73f9fc28cbe66b09fed3d33dcaf1b424"
    integrity sha1-ZsmiSnP5/CjL5msJ/tPTPcrxtCQ=
  
  socket.io-adapter@~1.1.0:
    version "1.1.2"
    resolved "https://registry.npm.taobao.org/socket.io-adapter/download/socket.io-adapter-1.1.2.tgz#ab3f0d6f66b8fc7fca3959ab5991f82221789be9"
    integrity sha1-qz8Nb2a4/H/KOVmrWZH4IiF4m+k=
  
  socket.io-client@2.3.0:
    version "2.3.0"
    resolved "https://registry.npm.taobao.org/socket.io-client/download/socket.io-client-2.3.0.tgz#14d5ba2e00b9bcd145ae443ab96b3f86cbcc1bb4"
    integrity sha1-FNW6LgC5vNFFrkQ6uWs/hsvMG7Q=
    dependencies:
      backo2 "1.0.2"
      base64-arraybuffer "0.1.5"
      component-bind "1.0.0"
      component-emitter "1.2.1"
      debug "~4.1.0"
      engine.io-client "~3.4.0"
      has-binary2 "~1.0.2"
      has-cors "1.1.0"
      indexof "0.0.1"
      object-component "0.0.3"
      parseqs "0.0.5"
      parseuri "0.0.5"
      socket.io-parser "~3.3.0"
      to-array "0.1.4"
  
  socket.io-parser@~3.3.0:
    version "3.3.0"
    resolved "https://registry.npm.taobao.org/socket.io-parser/download/socket.io-parser-3.3.0.tgz#2b52a96a509fdf31440ba40fed6094c7d4f1262f"
    integrity sha1-K1KpalCf3zFEC6QP7WCUx9TxJi8=
    dependencies:
      component-emitter "1.2.1"
      debug "~3.1.0"
      isarray "2.0.1"
  
  socket.io-parser@~3.4.0:
    version "3.4.1"
    resolved "https://registry.npm.taobao.org/socket.io-parser/download/socket.io-parser-3.4.1.tgz#b06af838302975837eab2dc980037da24054d64a"
    integrity sha1-sGr4ODApdYN+qy3JgAN9okBU1ko=
    dependencies:
      component-emitter "1.2.1"
      debug "~4.1.0"
      isarray "2.0.1"
  
  socket.io@^2.3.0:
    version "2.3.0"
    resolved "https://registry.npm.taobao.org/socket.io/download/socket.io-2.3.0.tgz#cd762ed6a4faeca59bc1f3e243c0969311eb73fb"
    integrity sha1-zXYu1qT67KWbwfPiQ8CWkxHrc/s=
    dependencies:
      debug "~4.1.0"
      engine.io "~3.4.0"
      has-binary2 "~1.0.2"
      socket.io-adapter "~1.1.0"
      socket.io-client "2.3.0"
      socket.io-parser "~3.4.0"
  
  source-map@~0.5.1:
    version "0.5.7"
    resolved "https://registry.npm.taobao.org/source-map/download/source-map-0.5.7.tgz#8a039d2d1021d22d1ea14c80d8ea468ba2ef3fcc"
    integrity sha1-igOdLRAh0i0eoUyA2OpGi6LvP8w=
  
  "statuses@>= 1.5.0 < 2", statuses@^1.5.0:
    version "1.5.0"
    resolved "https://registry.npm.taobao.org/statuses/download/statuses-1.5.0.tgz#161c7dac177659fd9811f43771fa99381478628c"
    integrity sha1-Fhx9rBd2Wf2YEfQ3cfqZOBR4Yow=
  
  swig-templates@^2.0.2:
    version "2.0.3"
    resolved "https://registry.npm.taobao.org/swig-templates/download/swig-templates-2.0.3.tgz#6b4c43b462175df2a8da857a2043379ec6ea6fd0"
    integrity sha1-a0xDtGIXXfKo2oV6IEM3nsbqb9A=
    dependencies:
      optimist "~0.6"
      uglify-js "2.6.0"
  
  thenify@^3.1.0:
    version "3.3.1"
    resolved "https://registry.npm.taobao.org/thenify/download/thenify-3.3.1.tgz#8932e686a4066038a016dd9e2ca46add9838a95f"
    integrity sha1-iTLmhqQGYDigFt2eLKRq3Zg4qV8=
    dependencies:
      any-promise "^1.0.0"
  
  to-array@0.1.4:
    version "0.1.4"
    resolved "https://registry.npm.taobao.org/to-array/download/to-array-0.1.4.tgz#17e6c11f73dd4f3d74cda7a4ff3238e9ad9bf890"
    integrity sha1-F+bBH3PdTz10zaek/zI46a2b+JA=
  
  toidentifier@1.0.0:
    version "1.0.0"
    resolved "https://registry.npm.taobao.org/toidentifier/download/toidentifier-1.0.0.tgz#7e1be3470f1e77948bc43d94a3c8f4d7752ba553"
    integrity sha1-fhvjRw8ed5SLxD2Uo8j013UrpVM=
  
  tslib@^1.10.0, tslib@^1.9.3:
    version "1.13.0"
    resolved "https://registry.npm.taobao.org/tslib/download/tslib-1.13.0.tgz#c881e13cc7015894ed914862d276436fa9a47043"
    integrity sha1-yIHhPMcBWJTtkUhi0nZDb6mkcEM=
  
  tsscmp@1.0.6:
    version "1.0.6"
    resolved "https://registry.npm.taobao.org/tsscmp/download/tsscmp-1.0.6.tgz#85b99583ac3589ec4bfef825b5000aa911d605eb"
    integrity sha1-hbmVg6w1iexL/vgltQAKqRHWBes=
  
  type-is@^1.6.16:
    version "1.6.18"
    resolved "https://registry.npm.taobao.org/type-is/download/type-is-1.6.18.tgz#4e552cd05df09467dcbc4ef739de89f2cf37c131"
    integrity sha1-TlUs0F3wlGfcvE73Od6J8s83wTE=
    dependencies:
      media-typer "0.3.0"
      mime-types "~2.1.24"
  
  uglify-js@2.6.0:
    version "2.6.0"
    resolved "https://registry.npm.taobao.org/uglify-js/download/uglify-js-2.6.0.tgz#25eaa1cc3550e39410ceefafd1cfbb6b6d15f001"
    integrity sha1-JeqhzDVQ45QQzu+v0c+7a20V8AE=
    dependencies:
      async "~0.2.6"
      source-map "~0.5.1"
      uglify-to-browserify "~1.0.0"
      yargs "~3.10.0"
  
  uglify-to-browserify@~1.0.0:
    version "1.0.2"
    resolved "https://registry.npm.taobao.org/uglify-to-browserify/download/uglify-to-browserify-1.0.2.tgz#6e0924d6bda6b5afe349e39a6d632850a0f882b7"
    integrity sha1-bgkk1r2mta/jSeOabWMoUKD4grc=
  
  urijs@^1.19.2:
    version "1.19.2"
    resolved "https://registry.npm.taobao.org/urijs/download/urijs-1.19.2.tgz#f9be09f00c4c5134b7cb3cf475c1dd394526265a"
    integrity sha1-+b4J8AxMUTS3yzz0dcHdOUUmJlo=
  
  utils-merge@^1.0.0:
    version "1.0.1"
    resolved "https://registry.npm.taobao.org/utils-merge/download/utils-merge-1.0.1.tgz#9f95710f50a267947b2ccc124741c1028427e713"
    integrity sha1-n5VxD1CiZ5R7LMwSR0HBAoQn5xM=
  
  vary@^1.1.2:
    version "1.1.2"
    resolved "https://registry.npm.taobao.org/vary/download/vary-1.1.2.tgz#2299f02c6ded30d4a5961b0b9f74524a18f634fc"
    integrity sha1-IpnwLG3tMNSllhsLn3RSShj2NPw=
  
  window-size@0.1.0:
    version "0.1.0"
    resolved "https://registry.npm.taobao.org/window-size/download/window-size-0.1.0.tgz#5438cd2ea93b202efa3a19fe8887aee7c94f9c9d"
    integrity sha1-VDjNLqk7IC76Ohn+iIeu58lPnJ0=
  
  wordwrap@0.0.2:
    version "0.0.2"
    resolved "https://registry.npm.taobao.org/wordwrap/download/wordwrap-0.0.2.tgz#b79669bb42ecb409f83d583cad52ca17eaa1643f"
    integrity sha1-t5Zpu0LstAn4PVg8rVLKF+qhZD8=
  
  wordwrap@~0.0.2:
    version "0.0.3"
    resolved "https://registry.npm.taobao.org/wordwrap/download/wordwrap-0.0.3.tgz#a3d5da6cd5c0bc0008d37234bbaf1bed63059107"
    integrity sha1-o9XabNXAvAAI03I0u68b7WMFkQc=
  
  wrappy@1:
    version "1.0.2"
    resolved "https://registry.npm.taobao.org/wrappy/download/wrappy-1.0.2.tgz#b5243d8f3ec1aa35f1364605bc0d1036e30ab69f"
    integrity sha1-tSQ9jz7BqjXxNkYFvA0QNuMKtp8=
  
  ws@^7.1.2:
    version "7.3.1"
    resolved "https://registry.npm.taobao.org/ws/download/ws-7.3.1.tgz?cache=0&sync_timestamp=1593925601875&other_urls=https%3A%2F%2Fregistry.npm.taobao.org%2Fws%2Fdownload%2Fws-7.3.1.tgz#d0547bf67f7ce4f12a72dfe31262c68d7dc551c8"
    integrity sha1-0FR79n985PEqct/jEmLGjX3FUcg=
  
  ws@~6.1.0:
    version "6.1.4"
    resolved "https://registry.npm.taobao.org/ws/download/ws-6.1.4.tgz?cache=0&sync_timestamp=1593925601875&other_urls=https%3A%2F%2Fregistry.npm.taobao.org%2Fws%2Fdownload%2Fws-6.1.4.tgz#5b5c8800afab925e94ccb29d153c8d02c1776ef9"
    integrity sha1-W1yIAK+rkl6UzLKdFTyNAsF3bvk=
    dependencies:
      async-limiter "~1.0.0"
  
  xmlhttprequest-ssl@~1.5.4:
    version "1.5.5"
    resolved "https://registry.npm.taobao.org/xmlhttprequest-ssl/download/xmlhttprequest-ssl-1.5.5.tgz#c2876b06168aadc40e57d97e81191ac8f4398b3e"
    integrity sha1-wodrBhaKrcQOV9l+gRkayPQ5iz4=
  
  yargs@~3.10.0:
    version "3.10.0"
    resolved "https://registry.npm.taobao.org/yargs/download/yargs-3.10.0.tgz?cache=0&sync_timestamp=1594420998254&other_urls=https%3A%2F%2Fregistry.npm.taobao.org%2Fyargs%2Fdownload%2Fyargs-3.10.0.tgz#f7ee7bd857dd7c1d2d38c0e74efbd681d1431fd1"
    integrity sha1-9+572FfdfB0tOMDnTvvWgdFDH9E=
    dependencies:
      camelcase "^1.0.2"
      cliui "^2.1.0"
      decamelize "^1.0.0"
      window-size "0.1.0"
  
  yeast@0.1.2:
    version "0.1.2"
    resolved "https://registry.npm.taobao.org/yeast/download/yeast-0.1.2.tgz#008e06d8094320c372dbc2f8ed76a0ca6c8ac419"
    integrity sha1-AI4G2AlDIMNy28L47XagymyKxBk=
  
  ylru@^1.2.0:
    version "1.2.1"
    resolved "https://registry.npm.taobao.org/ylru/download/ylru-1.2.1.tgz#f576b63341547989c1de7ba288760923b27fe84f"
    integrity sha1-9Xa2M0FUeYnB3nuiiHYJI7J/6E8=
